0 info it worked if it ends with ok
1 verbose cli [ '/usr/local/bin/node',
1 verbose cli   '/usr/local/bin/npm',
1 verbose cli   'install',
1 verbose cli   'git+https://git@github.com/gargoyl/gulp-fishbone.git' ]
2 info using npm@2.5.1
3 info using node@v0.12.0
4 silly cache add args [ 'git+https://git@github.com/gargoyl/gulp-fishbone.git', null ]
5 verbose cache add spec git+https://git@github.com/gargoyl/gulp-fishbone.git
6 silly cache add parsed spec { raw: 'git+https://git@github.com/gargoyl/gulp-fishbone.git',
6 silly cache add   scope: null,
6 silly cache add   name: null,
6 silly cache add   rawSpec: 'git+https://git@github.com/gargoyl/gulp-fishbone.git',
6 silly cache add   spec: 'https://git@github.com/gargoyl/gulp-fishbone.git',
6 silly cache add   type: 'git' }
7 verbose addRemoteGit u="https://git@github.com/gargoyl/gulp-fishbone.git" silent=false
8 silly addRemoteGit normalized { url: 'https://git@github.com/gargoyl/gulp-fishbone.git',
8 silly addRemoteGit   branch: 'master' }
9 silly addRemoteGit v https-git-github-com-gargoyl-gulp-fishbone-git-8a489d75
10 verbose addRemoteGit /Users/mac/.npm/_git-remotes/https-git-github-com-gargoyl-gulp-fishbone-git-8a489d75 not in flight; cloning
11 info git [ 'config', '--get', 'remote.origin.url' ]
12 verbose git remote.origin.url https://git@github.com/gargoyl/gulp-fishbone.git
13 info git [ 'fetch', '-a', 'origin' ]
14 verbose git fetch -a origin (https://git@github.com/gargoyl/gulp-fishbone.git) From https://github.com/gargoyl/gulp-fishbone
14 verbose git fetch -a origin (https://git@github.com/gargoyl/gulp-fishbone.git)    7641bca..3315a1c  master     -> master
15 info git [ 'rev-list', '-n1', 'master' ]
16 verbose git rev-list -n1 master 3315a1ce1b8158952d3b2b00af7cfa8a7d7dcf3b
17 verbose resolved git url git+https://git@github.com/gargoyl/gulp-fishbone.git#3315a1ce1b8158952d3b2b00af7cfa8a7d7dcf3b
18 info git [ 'clone',
18 info git   '/Users/mac/.npm/_git-remotes/https-git-github-com-gargoyl-gulp-fishbone-git-8a489d75',
18 info git   '/var/folders/0y/ybkbf_f56jn8lv0rz__y4t9w0000gn/T/npm-1953-5564fec6/git-cache-6d3a7685b068/3315a1ce1b8158952d3b2b00af7cfa8a7d7dcf3b' ]
19 verbose git clone from /Users/mac/.npm/_git-remotes/https-git-github-com-gargoyl-gulp-fishbone-git-8a489d75
20 verbose git clone Cloning into '/var/folders/0y/ybkbf_f56jn8lv0rz__y4t9w0000gn/T/npm-1953-5564fec6/git-cache-6d3a7685b068/3315a1ce1b8158952d3b2b00af7cfa8a7d7dcf3b'...
20 verbose git clone done.
21 info git [ 'checkout', '3315a1ce1b8158952d3b2b00af7cfa8a7d7dcf3b' ]
22 verbose git checkout Note: checking out '3315a1ce1b8158952d3b2b00af7cfa8a7d7dcf3b'.
22 verbose git checkout
22 verbose git checkout You are in 'detached HEAD' state. You can look around, make experimental
22 verbose git checkout changes and commit them, and you can discard any commits you make in this
22 verbose git checkout state without impacting any branches by performing another checkout.
22 verbose git checkout
22 verbose git checkout If you want to create a new branch to retain commits you create, you may
22 verbose git checkout do so (now or later) by using -b with the checkout command again. Example:
22 verbose git checkout
22 verbose git checkout   git checkout -b new_branch_name
22 verbose git checkout
22 verbose git checkout HEAD is now at 3315a1c... create package.json
23 verbose addLocalDirectory /Users/mac/.npm/gulp-fishbone/1.0.0/package.tgz not in flight; packing
24 verbose tar pack [ '/Users/mac/.npm/gulp-fishbone/1.0.0/package.tgz',
24 verbose tar pack   '/var/folders/0y/ybkbf_f56jn8lv0rz__y4t9w0000gn/T/npm-1953-5564fec6/git-cache-6d3a7685b068/3315a1ce1b8158952d3b2b00af7cfa8a7d7dcf3b' ]
25 verbose tarball /Users/mac/.npm/gulp-fishbone/1.0.0/package.tgz
26 verbose folder /var/folders/0y/ybkbf_f56jn8lv0rz__y4t9w0000gn/T/npm-1953-5564fec6/git-cache-6d3a7685b068/3315a1ce1b8158952d3b2b00af7cfa8a7d7dcf3b
27 verbose addLocalTarball adding from inside cache /Users/mac/.npm/gulp-fishbone/1.0.0/package.tgz
28 silly cache afterAdd gulp-fishbone@1.0.0
29 verbose afterAdd /Users/mac/.npm/gulp-fishbone/1.0.0/package/package.json not in flight; writing
30 verbose afterAdd /Users/mac/.npm/gulp-fishbone/1.0.0/package/package.json written
31 silly install resolved [ { name: 'gulp-fishbone',
31 silly install resolved     version: '1.0.0',
31 silly install resolved     description: 'A bunch of useful gulp tasks',
31 silly install resolved     author: { name: 'Fabio Cencetti', email: 'mail@kreo.me' },
31 silly install resolved     contributors: [ [Object] ],
31 silly install resolved     bin: { 'module-name': './bin/module-name' },
31 silly install resolved     scripts: {},
31 silly install resolved     main: '',
31 silly install resolved     repository: { type: 'git', url: 'https://github.com/gargoyl/gulp-fishbone' },
31 silly install resolved     bugs: { url: 'https://github.com/gargoyl/gulp-fishbone/issues' },
31 silly install resolved     keywords: [ 'gulp', 'tasks', 'fishbone' ],
31 silly install resolved     dependencies: {},
31 silly install resolved     devDependencies: {},
31 silly install resolved     preferGlobal: true,
31 silly install resolved     private: true,
31 silly install resolved     publishConfig: {},
31 silly install resolved     analyze: true,
31 silly install resolved     license: 'BSD',
31 silly install resolved     gitHead: '3315a1ce1b8158952d3b2b00af7cfa8a7d7dcf3b',
31 silly install resolved     readme: '# gulp-fishbone\n',
31 silly install resolved     readmeFilename: 'README.md',
31 silly install resolved     homepage: 'https://github.com/gargoyl/gulp-fishbone',
31 silly install resolved     _id: 'gulp-fishbone@1.0.0',
31 silly install resolved     _shasum: '783424f936a988a8d47d48302c7fb41151fe3293',
31 silly install resolved     _from: '../../../../var/folders/0y/ybkbf_f56jn8lv0rz__y4t9w0000gn/T/npm-1953-5564fec6/git-cache-6d3a7685b068/3315a1ce1b8158952d3b2b00af7cfa8a7d7dcf3b',
31 silly install resolved     _resolved: 'git+https://git@github.com/gargoyl/gulp-fishbone.git#3315a1ce1b8158952d3b2b00af7cfa8a7d7dcf3b' } ]
32 info install gulp-fishbone@1.0.0 into /Users/mac/_npm/gulp-fishbone
33 info installOne gulp-fishbone@1.0.0
34 verbose installOne of gulp-fishbone to /Users/mac/_npm/gulp-fishbone not in flight; installing
35 verbose lock using /Users/mac/.npm/_locks/gulp-fishbone-4c42bec519328f25.lock for /Users/mac/_npm/gulp-fishbone/node_modules/gulp-fishbone
36 silly install write writing gulp-fishbone 1.0.0 to /Users/mac/_npm/gulp-fishbone/node_modules/gulp-fishbone
37 silly cache addNamed cb gulp-fishbone@1.0.0
38 verbose unbuild node_modules/gulp-fishbone
39 verbose gentlyRm vacuuming /Users/mac/_npm/gulp-fishbone/node_modules/gulp-fishbone
40 verbose tar unpack /Users/mac/.npm/gulp-fishbone/1.0.0/package.tgz
41 verbose tar unpacking to /Users/mac/_npm/gulp-fishbone/node_modules/gulp-fishbone
42 verbose gentlyRm vacuuming /Users/mac/_npm/gulp-fishbone/node_modules/gulp-fishbone
43 silly gunzTarPerm modes [ '755', '644' ]
44 silly gunzTarPerm extractEntry package.json
45 silly gunzTarPerm extractEntry README.md
46 silly gunzTarPerm extractEntry LICENSE
47 silly gunzTarPerm extractEntry gulp_tasks/_config.js
48 silly gunzTarPerm extractEntry gulp_tasks/_watch.js
49 silly gunzTarPerm extractEntry gulp_tasks/bower.js
50 silly gunzTarPerm extractEntry gulp_tasks/browserify.js
51 silly gunzTarPerm extractEntry gulp_tasks/clean.js
52 silly gunzTarPerm extractEntry gulp_tasks/_pipeline.js
53 silly gunzTarPerm extractEntry gulp_tasks/markup.js
54 silly gunzTarPerm extractEntry gulp_tasks/minify.js
55 silly gunzTarPerm extractEntry gulp_tasks/postcss.js
56 silly gunzTarPerm extractEntry gulp_tasks/sass.js
57 silly gunzTarPerm extractEntry gulp_tasks/uglify.js
58 silly gunzTarPerm extractEntry gulp_tasks/errors.js
59 info preinstall gulp-fishbone@1.0.0
60 silly install resolved []
61 verbose about to build /Users/mac/_npm/gulp-fishbone/node_modules/gulp-fishbone
62 info build /Users/mac/_npm/gulp-fishbone/node_modules/gulp-fishbone
63 verbose linkStuff [ false,
63 verbose linkStuff   false,
63 verbose linkStuff   false,
63 verbose linkStuff   '/Users/mac/_npm/gulp-fishbone/node_modules' ]
64 info linkStuff gulp-fishbone@1.0.0
65 verbose linkBins gulp-fishbone@1.0.0
66 verbose link bins [ { 'module-name': './bin/module-name' },
66 verbose link bins   '/Users/mac/_npm/gulp-fishbone/node_modules/.bin',
66 verbose link bins   false ]
67 verbose linkMans gulp-fishbone@1.0.0
68 verbose rebuildBundles gulp-fishbone@1.0.0
69 verbose unlock done using /Users/mac/.npm/_locks/gulp-fishbone-4c42bec519328f25.lock for /Users/mac/_npm/gulp-fishbone/node_modules/gulp-fishbone
70 verbose stack Error: ENOENT, chmod '/Users/mac/_npm/gulp-fishbone/node_modules/gulp-fishbone/bin/module-name'
70 verbose stack     at Error (native)
71 verbose cwd /Users/mac/_npm/gulp-fishbone
72 error Darwin 14.1.0
73 error argv "/usr/local/bin/node" "/usr/local/bin/npm" "install" "git+https://git@github.com/gargoyl/gulp-fishbone.git"
74 error node v0.12.0
75 error npm  v2.5.1
76 error path /Users/mac/_npm/gulp-fishbone/node_modules/gulp-fishbone/bin/module-name
77 error code ENOENT
78 error errno -2
79 error enoent ENOENT, chmod '/Users/mac/_npm/gulp-fishbone/node_modules/gulp-fishbone/bin/module-name'
79 error enoent This is most likely not a problem with npm itself
79 error enoent and is related to npm not being able to find a file.
80 verbose exit [ -2, true ]
81 verbose unbuild node_modules/gulp-fishbone
82 info preuninstall gulp-fishbone@1.0.0
83 info uninstall gulp-fishbone@1.0.0
84 verbose unbuild rmStuff gulp-fishbone@1.0.0 from /Users/mac/_npm/gulp-fishbone/node_modules
85 verbose gentlyRm verifying that /Users/mac/_npm/gulp-fishbone is managed by npm
86 silly isManaged /Users/mac/_npm/gulp-fishbone is not inside /Users/mac/_npm/gulp-fishbone/node_modules
87 silly isManaged /Users/mac/_npm/gulp-fishbone is not inside /Users/mac/_npm/gulp-fishbone/node_modules
88 silly isManaged /Users/mac/_npm/gulp-fishbone is inside /Users/mac/_npm/gulp-fishbone
89 silly gentlyRm /Users/mac/_npm/gulp-fishbone is managed by npm
90 silly gentlyRm /Users/mac/_npm/gulp-fishbone/node_modules/.bin/module-name is under /Users/mac/_npm/gulp-fishbone
91 verbose gentlyRm vacuuming /Users/mac/_npm/gulp-fishbone/node_modules/.bin/module-name up to /Users/mac/_npm/gulp-fishbone
92 info postuninstall gulp-fishbone@1.0.0
93 verbose gentlyRm vacuuming /Users/mac/_npm/gulp-fishbone/node_modules/gulp-fishbone
94 silly gentlyRm purging /Users/mac/_npm/gulp-fishbone/node_modules/gulp-fishbone
95 silly gentlyRm removing /Users/mac/_npm/gulp-fishbone/node_modules
96 silly gentlyRm finished vacuuming up to /Users/mac/_npm/gulp-fishbone
